start
stuck in function definition?
test2
Executable = /afs/cern.ch/user/g/gdamolin/jobs_subm/Condor/Mixed_Analysis
Dataset = root://cms-xrd-global.cern.ch///store/mc/RunIISummer20UL18NanoAODv2/DYJetsToLL_1J_TuneCP5_13TeV-amcatnloFXFX-pythia8/NANOAODSIM/106X_upgrade2018_realistic_v15_L1v1-v1/280000/DF914C95-736B-754A-84D7-6AFC8F35030E.root
Output path = /afs/cern.ch/user/g/gdamolin/Johan/Savehere
Cross section = 951.5*1000
Integ. luminosity = 59.83
Signal = false
Path to proxy = /afs/cern.ch/user/g/gdamolin/private/x509up_u151129
CMSSW = /afs/cern.ch/user/g/gdamolin/CMSSW_12_4_1_patch1/src
Dataset is already a single file, will run executable for it
/pool/condor/dir_41693
CMSSW_BASE is now set to /afs/cern.ch/user/g/gdamolin/CMSSW_12_4_1_patch1
PROXY is now set to /afs/cern.ch/user/g/gdamolin/private/x509up_u151129
Executing analysis script as
Background analysis
Processing entry 0 of 332485
Processing entry 100000 of 332485
Processing entry 200000 of 332485
Processing entry 300000 of 332485
Number of events discarded by trigger = 183384
Number of events discarded by selection = 149098
Number of events passing triggers = 149101
Number of events passing selection = 3
Selected events over triggered events = 2.01206e-05
