Error in <TSystem::ExpandFileName>: input: $HOME/.root.mimes, output: $HOME/.root.mimes
Error in <TNetXNGFile::Open>: [ERROR] Invalid redirect URL

 *** Break *** segmentation violation



===========================================================
There was a crash.
This is the entire stack trace of all threads:
===========================================================

Thread 6 (Thread 0x2b0bc6c18700 (LWP 190) "Mixed_Analysis"):
#0  0x00002b0bac01bb3b in do_futex_wait.constprop () from /lib64/libpthread.so.0
#1  0x00002b0bac01bbcf in __new_sem_wait_slow.constprop.0 () from /lib64/libpthread.so.0
#2  0x00002b0bac01bc6b in sem_wait

GLIBC_2.2.5 () from /lib64/libpthread.so.0
#3  0x00002b0bc620d636 in XrdCl::JobManager::RunJobs() () from /cvmfs/cms.cern.ch/slc7_amd64_gcc10/cms/cmssw-patch/CMSSW_12_4_1_patch1/external/slc7_amd64_gcc10/lib/libXrdCl.so.3
#4  0x00002b0bc620d6f9 in RunRunnerThread () from /cvmfs/cms.cern.ch/slc7_amd64_gcc10/cms/cmssw-patch/CMSSW_12_4_1_patch1/external/slc7_amd64_gcc10/lib/libXrdCl.so.3
#5  0x00002b0bac015ea5 in start_thread () from /lib64/libpthread.so.0
#6  0x00002b0bac328b0d in clone () from /lib64/libc.so.6

Thread 5 (Thread 0x2b0bc6e19700 (LWP 189) "Mixed_Analysis"):
#0  0x00002b0bac01bb3b in do_futex_wait.constprop () from /lib64/libpthread.so.0
#1  0x00002b0bac01bbcf in __new_sem_wait_slow.constprop.0 () from /lib64/libpthread.so.0
#2  0x00002b0bac01bc6b in sem_wait

GLIBC_2.2.5 () from /lib64/libpthread.so.0
#3  0x00002b0bc620d636 in XrdCl::JobManager::RunJobs() () from /cvmfs/cms.cern.ch/slc7_amd64_gcc10/cms/cmssw-patch/CMSSW_12_4_1_patch1/external/slc7_amd64_gcc10/lib/libXrdCl.so.3
#4  0x00002b0bc620d6f9 in RunRunnerThread () from /cvmfs/cms.cern.ch/slc7_amd64_gcc10/cms/cmssw-patch/CMSSW_12_4_1_patch1/external/slc7_amd64_gcc10/lib/libXrdCl.so.3
#5  0x00002b0bac015ea5 in start_thread () from /lib64/libpthread.so.0
#6  0x00002b0bac328b0d in clone () from /lib64/libc.so.6

Thread 4 (Thread 0x2b0bc701a700 (LWP 188) "Mixed_Analysis"):
#0  0x00002b0bac01bb3b in do_futex_wait.constprop () from /lib64/libpthread.so.0
#1  0x00002b0bac01bbcf in __new_sem_wait_slow.constprop.0 () from /lib64/libpthread.so.0
#2  0x00002b0bac01bc6b in sem_wait

GLIBC_2.2.5 () from /lib64/libpthread.so.0
#3  0x00002b0bc620d636 in XrdCl::JobManager::RunJobs() () from /cvmfs/cms.cern.ch/slc7_amd64_gcc10/cms/cmssw-patch/CMSSW_12_4_1_patch1/external/slc7_amd64_gcc10/lib/libXrdCl.so.3
#4  0x00002b0bc620d6f9 in RunRunnerThread () from /cvmfs/cms.cern.ch/slc7_amd64_gcc10/cms/cmssw-patch/CMSSW_12_4_1_patch1/external/slc7_amd64_gcc10/lib/libXrdCl.so.3
#5  0x00002b0bac015ea5 in start_thread () from /lib64/libpthread.so.0
#6  0x00002b0bac328b0d in clone () from /lib64/libc.so.6

Thread 3 (Thread 0x2b0bc6a17700 (LWP 187) "Mixed_Analysis"):
#0  0x00002b0bac01ce9d in nanosleep () from /lib64/libpthread.so.0
#1  0x00002b0bc5f5308f in XrdSysTimer::Wait(int) () from /cvmfs/cms.cern.ch/slc7_amd64_gcc10/cms/cmssw-patch/CMSSW_12_4_1_patch1/external/slc7_amd64_gcc10/lib/libXrdUtils.so.3
#2  0x00002b0bc617cfc3 in XrdCl::TaskManager::RunTasks() () from /cvmfs/cms.cern.ch/slc7_amd64_gcc10/cms/cmssw-patch/CMSSW_12_4_1_patch1/external/slc7_amd64_gcc10/lib/libXrdCl.so.3
#3  0x00002b0bc617d119 in RunRunnerThread () from /cvmfs/cms.cern.ch/slc7_amd64_gcc10/cms/cmssw-patch/CMSSW_12_4_1_patch1/external/slc7_amd64_gcc10/lib/libXrdCl.so.3
#4  0x00002b0bac015ea5 in start_thread () from /lib64/libpthread.so.0
#5  0x00002b0bac328b0d in clone () from /lib64/libc.so.6

Thread 2 (Thread 0x2b0bc6816700 (LWP 186) "Mixed_Analysis"):
#0  0x00002b0bac3290e3 in epoll_wait () from /lib64/libc.so.6
#1  0x00002b0bc5f4d4b2 in XrdSys::IOEvents::PollE::Begin(XrdSysSemaphore*, int&, char const**) () from /cvmfs/cms.cern.ch/slc7_amd64_gcc10/cms/cmssw-patch/CMSSW_12_4_1_patch1/external/slc7_amd64_gcc10/lib/libXrdUtils.so.3
#2  0x00002b0bc5f49c3d in XrdSys::IOEvents::BootStrap::Start(void*) () from /cvmfs/cms.cern.ch/slc7_amd64_gcc10/cms/cmssw-patch/CMSSW_12_4_1_patch1/external/slc7_amd64_gcc10/lib/libXrdUtils.so.3
#3  0x00002b0bc5f52798 in XrdSysThread_Xeq () from /cvmfs/cms.cern.ch/slc7_amd64_gcc10/cms/cmssw-patch/CMSSW_12_4_1_patch1/external/slc7_amd64_gcc10/lib/libXrdUtils.so.3
#4  0x00002b0bac015ea5 in start_thread () from /lib64/libpthread.so.0
#5  0x00002b0bac328b0d in clone () from /lib64/libc.so.6

Thread 1 (Thread 0x2b0bae196cc0 (LWP 157) "Mixed_Analysis"):
#0  0x00002b0bac2ef659 in waitpid () from /lib64/libc.so.6
#1  0x00002b0bac26cf62 in do_system () from /lib64/libc.so.6
#2  0x00002b0bac26d311 in system () from /lib64/libc.so.6
#3  0x00002b0baa353ceb in TUnixSystem::StackTrace() () from /cvmfs/cms.cern.ch/slc7_amd64_gcc10/cms/cmssw-patch/CMSSW_12_4_1_patch1/external/slc7_amd64_gcc10/lib/libCore.so
#4  0x00002b0baa351295 in TUnixSystem::DispatchSignals(ESignals) () from /cvmfs/cms.cern.ch/slc7_amd64_gcc10/cms/cmssw-patch/CMSSW_12_4_1_patch1/external/slc7_amd64_gcc10/lib/libCore.so
#5  <signal handler called>
#6  0x00000000004078e8 in Background_Analysis(std::__cxx11::basic_string<char, std::char_traits<char>, std::allocator<char> >, std::__cxx11::basic_string<char, std::char_traits<char>, std::allocator<char> >, double, double) ()
#7  0x00000000004094ff in main ()
===========================================================


The lines below might hint at the cause of the crash.
You may get help by asking at the ROOT forum https://root.cern.ch/forum
Only if you are really convinced it is a bug in ROOT then please submit a
report at https://root.cern.ch/bugs Please post the ENTIRE stack trace
from above as an attachment in addition to anything else
that might help us fixing this issue.
===========================================================
#6  0x00000000004078e8 in Background_Analysis(std::__cxx11::basic_string<char, std::char_traits<char>, std::allocator<char> >, std::__cxx11::basic_string<char, std::char_traits<char>, std::allocator<char> >, double, double) ()
#7  0x00000000004094ff in main ()
===========================================================


